  main.cpp
D:\Documents\GitHub\MSIM-480\Assignment3\Task2\Task2\main.cpp(100,20): warning C4018: '<': signed/unsigned mismatch
D:\Documents\GitHub\MSIM-480\Assignment3\Task2\Task2\main.cpp(117,22): warning C4018: '<': signed/unsigned mismatch
  tinyxml2.cpp
  WordList.cpp
D:\Documents\GitHub\MSIM-480\Assignment3\Task2\Task2\WordList.cpp(48,13): warning C4244: 'initializing': conversion from 'float' to 'int', possible loss of data
D:\Documents\GitHub\MSIM-480\Assignment3\Task2\Task2\WordList.cpp(49,13): warning C4244: 'initializing': conversion from 'float' to 'int', possible loss of data
D:\Documents\GitHub\MSIM-480\Assignment3\Task2\Task2\WordList.cpp(52,29): warning C4018: '<=': signed/unsigned mismatch
D:\Documents\GitHub\MSIM-480\Assignment3\Task2\Task2\WordList.cpp(52,43): warning C4018: '<=': signed/unsigned mismatch
D:\Documents\GitHub\MSIM-480\Assignment3\Task2\Task2\WordList.cpp(52,87): warning C4018: '<=': signed/unsigned mismatch
D:\Documents\GitHub\MSIM-480\Assignment3\Task2\Task2\WordList.cpp(52,101): warning C4018: '<=': signed/unsigned mismatch
D:\Documents\GitHub\MSIM-480\Assignment3\Task2\Task2\WordList.cpp(53,29): warning C4018: '<=': signed/unsigned mismatch
D:\Documents\GitHub\MSIM-480\Assignment3\Task2\Task2\WordList.cpp(53,43): warning C4018: '<=': signed/unsigned mismatch
D:\Documents\GitHub\MSIM-480\Assignment3\Task2\Task2\WordList.cpp(53,87): warning C4018: '<=': signed/unsigned mismatch
D:\Documents\GitHub\MSIM-480\Assignment3\Task2\Task2\WordList.cpp(53,101): warning C4018: '<=': signed/unsigned mismatch
D:\Documents\GitHub\MSIM-480\Assignment3\Task2\Task2\WordList.cpp(130,12): warning C4244: 'initializing': conversion from 'float' to 'int', possible loss of data
D:\Documents\GitHub\MSIM-480\Assignment3\Task2\Task2\WordList.cpp(131,12): warning C4244: 'initializing': conversion from 'float' to 'int', possible loss of data
D:\Documents\GitHub\MSIM-480\Assignment3\Task2\Task2\WordList.cpp(134,28): warning C4018: '<=': signed/unsigned mismatch
D:\Documents\GitHub\MSIM-480\Assignment3\Task2\Task2\WordList.cpp(134,42): warning C4018: '<=': signed/unsigned mismatch
D:\Documents\GitHub\MSIM-480\Assignment3\Task2\Task2\WordList.cpp(134,86): warning C4018: '<=': signed/unsigned mismatch
D:\Documents\GitHub\MSIM-480\Assignment3\Task2\Task2\WordList.cpp(134,100): warning C4018: '<=': signed/unsigned mismatch
D:\Documents\GitHub\MSIM-480\Assignment3\Task2\Task2\WordList.cpp(135,28): warning C4018: '<=': signed/unsigned mismatch
D:\Documents\GitHub\MSIM-480\Assignment3\Task2\Task2\WordList.cpp(135,42): warning C4018: '<=': signed/unsigned mismatch
D:\Documents\GitHub\MSIM-480\Assignment3\Task2\Task2\WordList.cpp(135,86): warning C4018: '<=': signed/unsigned mismatch
D:\Documents\GitHub\MSIM-480\Assignment3\Task2\Task2\WordList.cpp(135,100): warning C4018: '<=': signed/unsigned mismatch
  Generating code
  Previous IPDB not found, fall back to full compilation.
  All 777 functions were compiled because no usable IPDB/IOBJ from previous compilation was found.
  Finished generating code
  Task2.vcxproj -> D:\Documents\GitHub\MSIM-480\Assignment3\Task2\Release\Task2.exe
